Samples size: 391
Number nodes: 9859
_________________

Best solution updated!
Current C (ids):  [1, 8821, 1632]
Current score(min_version): 357.612374027
_________________

Best solution updated!
Current C (ids):  [5, 8821, 1569]
Current score(min_version): 356.480470963
_________________

Best solution updated!
Current C (ids):  [14, 6780, 9101]
Current score(min_version): 350.945061954
_________________

Best solution updated!
Current C (ids):  [16, 6780, 9101]
Current score(min_version): 350.890530376
_________________

Best solution updated!
Current C (ids):  [28, 2622, 6278]
Current score(min_version): 350.077882751
_________________

Best solution updated!
Current C (ids):  [37, 8821, 2622]
Current score(min_version): 337.409528017
_________________

Best solution updated!
Current C (ids):  [294, 6780, 8821]
Current score(min_version): 328.170562682
_________________

Best solution updated!
Current C (ids):  [343, 6780, 8821]
Current score(min_version): 327.727008892
_________________

Best solution updated!
Current C (ids):  [478, 8821, 6780]
Current score(min_version): 327.422388659
_________________

Best solution updated!
Current C (ids):  [566, 8821, 6780]
Current score(min_version): 327.167534732
_________________

Best solution updated!
Current C (ids):  [736, 6780, 8821]
Current score(min_version): 326.778495729
_________________

Best solution updated!
Current C (ids):  [771, 8821, 6780]
Current score(min_version): 324.775574196
_________________

Best solution updated!
Current C (ids):  [6780, 8821, 7031]
Current score(min_version): 324.500805324
_________________
Final solution (ids):  [6780, 8821, 7031]
Final solution (genes' names):  ['PTEN', 'TP53', 'RB1CC1']
Final solution score:  324.500805324
Final solution score(max version):  66.4991946759
Elapsed time:  00:01:41
_________________
