Samples size: 391
Number nodes: 9859
Inizio Ordinamento
contatori: [0, 137, 357, 637, 980, 1385, 1868, 2452, 3139, 4104]
Fine Ordinamento
Probabilistic con bound bound_order_improved_iterations_percentiles BDDE starts now:
_________________

Best solution updated!
Current C (ids):  [2622, 9661, 1622, 8436, 9597]
Current P_C (cardinality): 359.992119205
_________________

Best solution updated!
Current C (ids):  [2622, 9661, 1622, 8436, 5493]
Current P_C (cardinality): 358.338475467
_________________

Best solution updated!
Current C (ids):  [2622, 9661, 1622, 8436, 2744]
Current P_C (cardinality): 355.557580536
_________________

Best solution updated!
Current C (ids):  [2622, 9661, 1622, 8316, 8821]
Current P_C (cardinality): 335.866584617
_________________

Best solution updated!
Current C (ids):  [2622, 9661, 1622, 4288, 8821]
Current P_C (cardinality): 334.040577318
_________________

Best solution updated!
Current C (ids):  [2622, 9489, 4643, 4963, 8821]
Current P_C (cardinality): 334.017042831
_________________

Best solution updated!
Current C (ids):  [2622, 9485, 9429, 1746, 6780]
Current P_C (cardinality): 332.286786742
_________________

Best solution updated!
Current C (ids):  [2622, 9485, 9303, 9257, 6780]
Current P_C (cardinality): 331.325199868
_________________

Best solution updated!
Current C (ids):  [2622, 9485, 9137, 3674, 6780]
Current P_C (cardinality): 330.879838088
_________________

Best solution updated!
Current C (ids):  [2622, 9485, 8964, 244, 6780]
Current P_C (cardinality): 329.134117462
_________________

Best solution updated!
Current C (ids):  [2622, 9485, 8821, 9585, 3978]
Current P_C (cardinality): 324.819504302
_________________

Best solution updated!
Current C (ids):  [2622, 9485, 8821, 9177, 6273]
Current P_C (cardinality): 321.894523361
_________________

Best solution updated!
Current C (ids):  [2622, 9485, 8821, 6780, 9661]
Current P_C (cardinality): 308.598539551
_________________

Best solution updated!
Current C (ids):  [2622, 9485, 8821, 6780, 9489]
Current P_C (cardinality): 306.846998661
_________________

Best solution updated!
Current C (ids):  [2622, 9485, 8821, 6780, 7792]
Current P_C (cardinality): 305.587215929
_________________

Best solution updated!
Current C (ids):  [2622, 9485, 8821, 6780, 7031]
Current P_C (cardinality): 305.334557619
_________________

Best solution updated!
Current C (ids):  [2622, 9281, 4963, 8821, 6780]
Current P_C (cardinality): 305.241755321
_________________

Best solution updated!
Current C (ids):  [2622, 8238, 2743, 8821, 6780]
Current P_C (cardinality): 305.138048912
_________________

Best solution updated!
Current C (ids):  [2622, 8236, 8821, 6780, 7031]
Current P_C (cardinality): 305.0241258
_________________

Best solution updated!
Current C (ids):  [2622, 7726, 1737, 8821, 6780]
Current P_C (cardinality): 304.518720254
_________________

Best solution updated!
Current C (ids):  [2622, 6793, 6780, 7031, 8821]
Current P_C (cardinality): 304.497501276
_________________

Best solution updated!
Current C (ids):  [2622, 6638, 6793, 6780, 8821]
Current P_C (cardinality): 304.336208394
_________________

Best solution updated!
Current C (ids):  [2622, 6638, 2743, 8821, 6780]
Current P_C (cardinality): 303.049084031
_________________

Best solution updated!
Current C (ids):  [2622, 6347, 6793, 6780, 8821]
Current P_C (cardinality): 302.625239358
_________________

Best solution updated!
Current C (ids):  [2622, 6278, 9485, 8821, 6780]
Current P_C (cardinality): 295.149365618
_________________

Best solution updated!
Current C (ids):  [2622, 6278, 9101, 6780, 8821]
Current P_C (cardinality): 295.087346668
_________________

Best solution updated!
Current C (ids):  [2622, 6278, 8236, 8821, 6780]
Current P_C (cardinality): 294.848926699
_________________

Best solution updated!
Current C (ids):  [2622, 6278, 6793, 6780, 8821]
Current P_C (cardinality): 294.33474169
_________________

Best solution updated!
Current C (ids):  [2622, 6278, 808, 8821, 6780]
Current P_C (cardinality): 293.484444781
1
2
3
4
5
6
7
8
9
Numero foglie: 
217116
Numero nodi interni visitati in totale: 
99080
Numero nodi interni visitati per livello: 
[0, 5782, 351, 40272, 52675, 217116]
_________________
Final solution (ids):  [2622, 6278, 808, 8821, 6780]
Final solution (genes' names):  ['EGFR', 'PIK3R1', 'BRCA1', 'TP53', 'PTEN']
Final solution score:  293.484444781
Final solution score(max version):  97.5155552187
Elapsed time:  00:00:21
_________________
