Samples size: 393
Number nodes: 9859
Deterministic (without bound)  BDDE starts now:
_________________

Best solution updated!
Current C (ids):  [1, 8632, 9856]
Current P_C (cardinality): 4
_________________

Best solution updated!
Current C (ids):  [1, 8632, 9410]
Current P_C (cardinality): 6
_________________

Best solution updated!
Current C (ids):  [1, 8632, 9243]
Current P_C (cardinality): 7
_________________

Best solution updated!
Current C (ids):  [1, 8632, 9191]
Current P_C (cardinality): 9
_________________

Best solution updated!
Current C (ids):  [1, 8632, 8821]
Current P_C (cardinality): 48
_________________

Best solution updated!
Current C (ids):  [1, 1632, 8821]
Current P_C (cardinality): 49
_________________

Best solution updated!
Current C (ids):  [5, 9177, 8821]
Current P_C (cardinality): 54
_________________

Best solution updated!
Current C (ids):  [5, 3556, 2622]
Current P_C (cardinality): 72
_________________

Best solution updated!
Current C (ids):  [14, 9101, 2622]
Current P_C (cardinality): 74
_________________

Best solution updated!
Current C (ids):  [16, 9101, 2622]
Current P_C (cardinality): 76
_________________

Best solution updated!
Current C (ids):  [28, 6278, 2622]
Current P_C (cardinality): 93
_________________

Best solution updated!
Current C (ids):  [37, 8821, 6780]
Current P_C (cardinality): 94
_________________

Best solution updated!
Current C (ids):  [37, 2622, 8821]
Current P_C (cardinality): 105
_________________

Best solution updated!
Current C (ids):  [2622, 9101, 6780]
Current P_C (cardinality): 112
_________________

Best solution updated!
Current C (ids):  [2622, 6793, 6780]
Current P_C (cardinality): 115
_________________

Best solution updated!
Current C (ids):  [2622, 6278, 6273]
Current P_C (cardinality): 124
Numero foglie: 
1808307
Numero nodi interni visitati in totale: 
50564
Numero nodi interni visitati per livello: 
[0, 9859, 40705, 1808307]
_________________
Final solution (ids):  [2622, 6278, 6273]
Final solution (genes' names):  ['EGFR', 'PIK3R1', 'PIK3CA']
Current P_C (cardinality)(min version): empty
Final solution cardinality:  124
Elapsed time:  00:05:38
_________________
