Samples size: 391
Number nodes: 9859
_________________

Best solution updated!
Current C (ids):  [1, 6780, 8821, 1632, 2622, 9101]
Current score(min_version): 307.358149351
_________________

Best solution updated!
Current C (ids):  [9, 6780, 8821, 9485, 2622, 6347]
Current score(min_version): 303.470018703
_________________

Best solution updated!
Current C (ids):  [14, 6780, 9101, 8821, 2622, 3177]
Current score(min_version): 301.912952574
_________________

Best solution updated!
Current C (ids):  [16, 6780, 9101, 8821, 2622, 6278]
Current score(min_version): 292.358751469
_________________

Best solution updated!
Current C (ids):  [1291, 6780, 9101, 8821, 2622, 6278]
Current score(min_version): 290.904788808
_________________

Best solution updated!
Current C (ids):  [3177, 6780, 9101, 8821, 2622, 6278]
Current score(min_version): 290.855195551
_________________

Best solution updated!
Current C (ids):  [6780, 8821, 2622, 9101, 6278, 8105]
Current score(min_version): 289.101948854
_________________

Best solution updated!
Current C (ids):  [6793, 6780, 8821, 2622, 6273, 6278]
Current score(min_version): 279.443647432
_________________
Final solution (ids):  [6793, 6780, 8821, 2622, 6273, 6278]
Final solution (genes' names):  ['PTK2', 'PTEN', 'TP53', 'EGFR', 'PIK3CA', 'PIK3R1']
Final solution score:  279.443647432
Final solution score(max version):  111.556352568
Elapsed time:  00:58:09
_________________
