Samples size: 391
Number nodes: 9859
_________________

Best solution updated!
Current C (ids):  [1, 1632, 6780, 8821, 9101, 2622]
Current score(min_version): 307.3581493505236
_________________

Best solution updated!
Current C (ids):  [9, 9485, 6780, 8821, 2622, 6347]
Current score(min_version): 303.4700187028909
_________________

Best solution updated!
Current C (ids):  [14, 6780, 9101, 8821, 2622, 3177]
Current score(min_version): 301.9129525737032
_________________

Best solution updated!
Current C (ids):  [16, 6780, 9101, 8821, 2622, 6278]
Current score(min_version): 292.3587514694039
_________________

Best solution updated!
Current C (ids):  [1291, 6780, 9101, 8821, 2622, 6278]
Current score(min_version): 290.9047888084908
_________________

Best solution updated!
Current C (ids):  [2291, 8821, 6780, 6273, 6278, 8105]
Current score(min_version): 290.2244438555046
_________________

Best solution updated!
Current C (ids):  [6780, 8821, 9101, 2622, 6278, 8105]
Current score(min_version): 289.10194885362847
_________________

Best solution updated!
Current C (ids):  [6793, 6780, 8821, 2622, 6273, 6278]
Current score(min_version): 279.443647432305
_________________
Final solution (ids):  [6793, 6780, 8821, 2622, 6273, 6278]
Final solution (genes' names):  ['PTK2', 'PTEN', 'TP53', 'EGFR', 'PIK3CA', 'PIK3R1']
Final solution score:  279.443647432305
Final solution score(max version):  111.556352567695
Elapsed time:  07:26:33
_________________
