Samples size: 391
Probabilistic (without bound)  BDDE starts now:
_________________

Best solution updated!
Current C (ids):  [1, 8632]
Current P_C (cardinality): 389.645658263
_________________

Best solution updated!
Current C (ids):  [1, 1632]
Current P_C (cardinality): 388.827476445
_________________

Best solution updated!
Current C (ids):  [5, 9190]
Current P_C (cardinality): 387.179345974
_________________

Best solution updated!
Current C (ids):  [5, 9177]
Current P_C (cardinality): 386.650463639
_________________

Best solution updated!
Current C (ids):  [5, 8965]
Current P_C (cardinality): 383.969015954
_________________

Best solution updated!
Current C (ids):  [12, 7030]
Current P_C (cardinality): 376.904738798
_________________

Best solution updated!
Current C (ids):  [37, 8821]
Current P_C (cardinality): 358.196546393
_________________

Best solution updated!
Current C (ids):  [244, 6780]
Current P_C (cardinality): 352.540798473
_________________

Best solution updated!
Current C (ids):  [2622, 6278]
Current P_C (cardinality): 350.077882751
_________________

Best solution updated!
Current C (ids):  [6780, 8821]
Current P_C (cardinality): 328.170562682
Numero foglie: 
35219
Numero nodi interni visitati in totale: 
5782
Numero nodi interni visitati per livello: 
[0, 5782, 35219]
_________________
Final solution (ids):  [6780, 8821]
Final solution (genes' names):  ['PTEN', 'TP53']
Final solution score:  328.170562682
Final solution score(max version):  62.8294373178
Elapsed time:  00:00:10
_________________
