Samples size: 391
Number nodes: 9859
Inizio Ordinamento
contatori: [0, 137, 357, 637, 980, 1385, 1868, 2452, 3139, 4104]
Fine Ordinamento
Probabilistic con bound bound_order_improved_iterations_percentiles BDDE starts now:
_________________

Best solution updated!
Current C (ids):  [2622, 9661, 1622, 8436, 9597, 1872]
Current P_C (cardinality): 359.992119205
_________________

Best solution updated!
Current C (ids):  [2622, 9661, 1622, 8436, 9597, 1231]
Current P_C (cardinality): 358.460479582
_________________

Best solution updated!
Current C (ids):  [2622, 9661, 1622, 8436, 9482, 8821]
Current P_C (cardinality): 334.841366791
_________________

Best solution updated!
Current C (ids):  [2622, 9661, 1622, 8316, 8821, 9251]
Current P_C (cardinality): 334.712870368
_________________

Best solution updated!
Current C (ids):  [2622, 9661, 1622, 8316, 8821, 9137]
Current P_C (cardinality): 334.415746023
_________________

Best solution updated!
Current C (ids):  [2622, 9661, 1622, 8316, 8821, 8822]
Current P_C (cardinality): 334.400140476
_________________

Best solution updated!
Current C (ids):  [2622, 9661, 1622, 8316, 8821, 8406]
Current P_C (cardinality): 334.173921507
_________________

Best solution updated!
Current C (ids):  [2622, 9661, 1622, 8316, 8821, 7792]
Current P_C (cardinality): 332.670305853
_________________

Best solution updated!
Current C (ids):  [2622, 9661, 1622, 8316, 8821, 7031]
Current P_C (cardinality): 332.335987546
_________________

Best solution updated!
Current C (ids):  [2622, 9661, 1622, 8316, 8821, 6780]
Current P_C (cardinality): 306.469231191
_________________

Best solution updated!
Current C (ids):  [2622, 9661, 1622, 4288, 8821, 6780]
Current P_C (cardinality): 304.903566717
_________________

Best solution updated!
Current C (ids):  [2622, 9485, 8821, 6780, 9177, 6273]
Current P_C (cardinality): 292.958434489
_________________

Best solution updated!
Current C (ids):  [2622, 6278, 9485, 8821, 2743, 6780]
Current P_C (cardinality): 292.814978021
_________________

Best solution updated!
Current C (ids):  [2622, 6278, 9485, 8821, 6780, 7031]
Current P_C (cardinality): 292.030696802
_________________

Best solution updated!
Current C (ids):  [2622, 6278, 8238, 2743, 8821, 6780]
Current P_C (cardinality): 291.850448497
_________________

Best solution updated!
Current C (ids):  [2622, 6278, 8236, 8821, 6780, 7031]
Current P_C (cardinality): 291.730698248
_________________

Best solution updated!
Current C (ids):  [2622, 6278, 6793, 6780, 7031, 8821]
Current P_C (cardinality): 291.225398472
_________________

Best solution updated!
Current C (ids):  [2622, 6278, 6638, 2743, 8821, 6780]
Current P_C (cardinality): 289.76739998
_________________

Best solution updated!
Current C (ids):  [2622, 6278, 6347, 6793, 6780, 8821]
Current P_C (cardinality): 289.688081499
_________________

Best solution updated!
Current C (ids):  [2622, 6278, 8105, 9485, 8821, 6780]
Current P_C (cardinality): 289.077110114
_________________

Best solution updated!
Current C (ids):  [2622, 6278, 8105, 8236, 8821, 6780]
Current P_C (cardinality): 288.776970953
_________________

Best solution updated!
Current C (ids):  [2622, 6278, 8105, 6793, 6780, 8821]
Current P_C (cardinality): 288.406963686
_________________

Best solution updated!
Current C (ids):  [2622, 6278, 6273, 9485, 8821, 6780]
Current P_C (cardinality): 280.094746817
_________________

Best solution updated!
Current C (ids):  [2622, 6278, 6273, 8236, 8821, 6780]
Current P_C (cardinality): 279.794307898
_________________

Best solution updated!
Current C (ids):  [2622, 6278, 6273, 6793, 6780, 8821]
Current P_C (cardinality): 279.443647432
_________________

Best solution updated!
Current C (ids):  [2622, 6278, 6273, 2291, 8821, 6780]
Current P_C (cardinality): 278.697327045
1
2
3
4
5
6
7
8
9
Numero foglie: 
4768490
Numero nodi interni visitati in totale: 
5780628
Numero nodi interni visitati per livello: 
[0, 5782, 351, 40272, 4271045, 1463178, 4768490]
_________________
Final solution (ids):  [2622, 6278, 6273, 2291, 8821, 6780]
Final solution (genes' names):  ['EGFR', 'PIK3R1', 'PIK3CA', 'DDX5', 'TP53', 'PTEN']
Final solution score:  278.697327045
Final solution score(max version):  112.302672955
Elapsed time:  00:05:26
_________________
