Samples size: 391
Number nodes: 9859
_________________

Best solution updated!
Current C (ids):  [1, 6780, 8821, 1632, 2622, 9101, 6278]
Current score(min_version): 293.9196843489858
_________________

Best solution updated!
Current C (ids):  [11, 6780, 9101, 3043, 8821, 2622, 6278]
Current score(min_version): 293.6976126768214
_________________

Best solution updated!
Current C (ids):  [14, 6780, 9101, 8821, 2622, 6278, 457]
Current score(min_version): 290.30246796002825
_________________

Best solution updated!
Current C (ids):  [16, 6780, 9101, 8821, 2622, 6278, 8105]
Current score(min_version): 286.4060703350327
_________________

Best solution updated!
Current C (ids):  [37, 8821, 2622, 6273, 6278, 6780, 9101]
Current score(min_version): 279.19582974434394
_________________

Best solution updated!
Current C (ids):  [583, 8821, 6780, 6273, 6278, 37, 2622]
Current score(min_version): 278.8730939132005
_________________

Best solution updated!
Current C (ids):  [808, 8821, 2622, 6278, 6273, 6780, 9101]
Current score(min_version): 278.6978608653802
_________________

Best solution updated!
Current C (ids):  [2291, 8821, 6780, 6273, 6278, 2622, 2814]
Current score(min_version): 276.0750267983807
_________________

Best solution updated!
Current C (ids):  [6793, 6780, 8821, 2622, 6273, 6278, 8105]
Current score(min_version): 273.6211204298077
_________________
Final solution (ids):  [6793, 6780, 8821, 2622, 6273, 6278, 8105]
Final solution (genes' names):  ['PTK2', 'PTEN', 'TP53', 'EGFR', 'PIK3CA', 'PIK3R1', 'SPEN']
Final solution score:  273.6211204298077
Final solution score(max version):  117.37887957019228
Elapsed time:  11:28:13
_________________
