Samples size: 391
Number nodes: 9859
_________________

Best solution updated!
Current C (ids):  [1, 1632, 8821]
Current score(min_version): 357.6123740269555
_________________

Best solution updated!
Current C (ids):  [5, 1569, 8821]
Current score(min_version): 356.4804709634466
_________________

Best solution updated!
Current C (ids):  [14, 6780, 9101]
Current score(min_version): 350.9450619541857
_________________

Best solution updated!
Current C (ids):  [16, 6780, 9101]
Current score(min_version): 350.89053037581425
_________________

Best solution updated!
Current C (ids):  [28, 6278, 2622]
Current score(min_version): 350.0778827514775
_________________

Best solution updated!
Current C (ids):  [37, 8821, 2622]
Current score(min_version): 337.40952801689235
_________________

Best solution updated!
Current C (ids):  [294, 6780, 8821]
Current score(min_version): 328.17056268224655
_________________

Best solution updated!
Current C (ids):  [343, 6780, 8821]
Current score(min_version): 327.72700889234227
_________________

Best solution updated!
Current C (ids):  [478, 8821, 6780]
Current score(min_version): 327.422388658747
_________________

Best solution updated!
Current C (ids):  [566, 8821, 6780]
Current score(min_version): 327.167534731936
_________________

Best solution updated!
Current C (ids):  [736, 6780, 8821]
Current score(min_version): 326.7784957287594
_________________

Best solution updated!
Current C (ids):  [771, 8821, 6780]
Current score(min_version): 324.77557419639214
_________________

Best solution updated!
Current C (ids):  [6780, 8821, 7031]
Current score(min_version): 324.5008053241441
_________________
Final solution (ids):  [6780, 8821, 7031]
Final solution (genes' names):  ['PTEN', 'TP53', 'RB1CC1']
Final solution score:  324.5008053241441
Final solution score(max version):  66.4991946758559
Elapsed time:  00:07:28
_________________
