Samples size: 393
Number nodes: 9859
Combinatorial  deterministic with method oldVersion_improved starts now
_________________

Best solution updated!
Current C (ids):  {1632, 1, 1244, 8821, 6278, 6780, 9101, 2622}
Current score(min_version): 169
_________________

Best solution updated!
Current C (ids):  {3792, 8821, 6278, 9, 4650, 6780, 9485, 2622}
Current score(min_version): 170
_________________

Best solution updated!
Current C (ids):  {6273, 8821, 6278, 14, 457, 6780, 9101, 2622}
Current score(min_version): 189
_________________

Best solution updated!
Current C (ids):  {6273, 8821, 6278, 37, 7030, 6780, 9101, 2622}
Current score(min_version): 192
_________________

Best solution updated!
Current C (ids):  {6273, 2291, 3172, 8821, 6278, 2814, 6780, 2622}
Current score(min_version): 193
_________________

Best solution updated!
Current C (ids):  {6273, 9585, 8821, 6278, 6793, 3978, 6780, 2622}
Current score(min_version): 196
_________________
Final solution (ids):  {6273, 9585, 8821, 6278, 6793, 3978, 6780, 2622}
Final solution (genes' names):  ['PIK3CA', 'ZHX1', 'TP53', 'PIK3R1', 'PTK2', 'IDH1', 'PTEN', 'EGFR']
Final solution cardinality:  196
Elapsed time:  14:26:36
_________________
