Samples size: 393
Number nodes: 9859
Combinatorial  deterministic with method BFSAndNumpyAndComplement starts now
_________________

Best solution updated!
Current C (ids):  [1, 1632, 6780, 8821, 9101, 2622, 6278, 1244, 3177, 2592]
Current score(min_version): 180
_________________

Best solution updated!
Current C (ids):  [7, 2658, 9101, 2622, 6780, 8821, 6278, 6273, 4197, 8105]
Current score(min_version): 192
_________________

Best solution updated!
Current C (ids):  [14, 9101, 2622, 6780, 8821, 6273, 457, 6278, 1244, 1291]
Current score(min_version): 201
_________________

Best solution updated!
Current C (ids):  [37, 2622, 8821, 6278, 6273, 6780, 9101, 7030, 4787, 1244]
Current score(min_version): 205
_________________

Best solution updated!
Current C (ids):  [808, 8821, 6278, 2622, 6273, 6780, 9101, 7030, 8105, 1244]
Current score(min_version): 206
_________________

Best solution updated!
Current C (ids):  [2291, 8821, 6780, 2814, 2622, 6273, 6278, 3172, 9585, 3978]
Current score(min_version): 207
_________________

Best solution updated!
Current C (ids):  [6793, 2622, 6780, 8821, 6273, 6278, 3172, 9585, 3978, 8105]
Current score(min_version): 210
_________________
Final solution (ids):  [6793, 2622, 6780, 8821, 6273, 6278, 3172, 9585, 3978, 8105]
Final solution (genes' names):  ['PTK2', 'EGFR', 'PTEN', 'TP53', 'PIK3CA', 'PIK3R1', 'FLNB', 'ZHX1', 'IDH1', 'SPEN']
Final solution cardinality:  210
Elapsed time:  04:13:28
_________________
