Samples size: 391
Number nodes: 9859
_________________

Best solution updated!
Current C (ids):  [1, 6780, 8821, 1632, 2622, 9101, 6278, 3177]
Current score(min_version): 289.51188062
_________________

Best solution updated!
Current C (ids):  [7, 6780, 9101, 2658, 8821, 2622, 6278, 8105]
Current score(min_version): 288.930671521
_________________

Best solution updated!
Current C (ids):  [11, 6780, 9101, 3043, 8821, 2622, 6278, 3177]
Current score(min_version): 288.864672033
_________________

Best solution updated!
Current C (ids):  [14, 6780, 9101, 8821, 2622, 6273, 6278, 457]
Current score(min_version): 275.991146761
_________________

Best solution updated!
Current C (ids):  [37, 8821, 2622, 6273, 6278, 6780, 9101, 7030]
Current score(min_version): 271.340448135
_________________

Best solution updated!
Current C (ids):  [583, 8821, 6780, 6273, 6278, 37, 2622, 7030]
Current score(min_version): 270.995099096
_________________

Best solution updated!
Current C (ids):  [808, 8821, 2622, 6278, 6273, 6780, 9101, 7030]
Current score(min_version): 270.858000173
_________________

Best solution updated!
Current C (ids):  [2291, 8821, 6780, 6273, 6278, 8105, 2622, 2814]
Current score(min_version): 266.870917285
_________________

Best solution updated!
Current C (ids):  [5864, 8821, 6780, 2622, 6278, 8641, 1496, 8640]
Current score(min_version): 264.54547262
_________________
Final solution (ids):  [5864, 8821, 6780, 2622, 6278, 8641, 1496, 8640]
Final solution (genes' names):  ['NUMB', 'TP53', 'PTEN', 'EGFR', 'PIK3R1', 'TLR2', 'CD14', 'TLR1']
Final solution score:  264.54547262
Final solution score(max version):  126.45452738
Elapsed time:  01:55:03
_________________
