Samples size: 391
Number nodes: 9859
_________________

Best solution updated!
Current C (ids):  [1, 1632, 6780, 8821, 9101, 2622, 6278]
Current score(min_version): 293.91968434898604
_________________

Best solution updated!
Current C (ids):  [11, 3043, 6780, 9101, 8821, 2622, 6278]
Current score(min_version): 293.6976126768217
_________________

Best solution updated!
Current C (ids):  [14, 6780, 9101, 8821, 2622, 457, 6278]
Current score(min_version): 290.30246796002854
_________________

Best solution updated!
Current C (ids):  [16, 6780, 9101, 8821, 2622, 6278, 8105]
Current score(min_version): 286.406070335033
_________________

Best solution updated!
Current C (ids):  [37, 8821, 2622, 6273, 6278, 6780, 9101]
Current score(min_version): 279.19582974434417
_________________

Best solution updated!
Current C (ids):  [583, 8821, 6780, 6273, 37, 6278, 2622]
Current score(min_version): 278.87309391320065
_________________

Best solution updated!
Current C (ids):  [808, 8821, 6278, 2622, 6273, 6780, 9101]
Current score(min_version): 278.6978608653805
_________________

Best solution updated!
Current C (ids):  [2291, 8821, 6780, 6273, 6278, 2814, 2622]
Current score(min_version): 276.0750267983809
_________________

Best solution updated!
Current C (ids):  [6793, 6780, 8821, 2622, 6273, 6278, 8105]
Current score(min_version): 273.62112042980795
_________________
Final solution (ids):  [6793, 6780, 8821, 2622, 6273, 6278, 8105]
Final solution (genes' names):  ['PTK2', 'PTEN', 'TP53', 'EGFR', 'PIK3CA', 'PIK3R1', 'SPEN']
Final solution score:  273.62112042980795
Final solution score(max version):  117.37887957019205
Elapsed time:  11:24:19
_________________
