Samples size: 391
Inizio Ordinamento
Numero di geni con almeno una cella diversa da 1: 5782
[[   1 1425]
 [   2 1348]
 [   3  965]
 [   4  756]
 [   5  434]
 [   6  272]
 [   7  200]
 [   8  118]
 [   9   85]
 [  10   50]
 [  11   49]
 [  12   24]
 [  13   14]
 [  14   11]
 [  15    9]
 [  16    2]
 [  17    3]
 [  18    7]
 [  19    2]
 [  21    2]
 [  23    1]
 [  34    2]
 [  46    1]
 [  57    1]
 [  67    1]]
Fine Ordinamento
bestVectors loading
Fine loading bestVectors
Probabilistic con bound bound_order BDDE starts now:
_________________

Best solution updated!
Current C (ids):  [2622]
Current P_C (cardinality): 366.623443646
_________________

Best solution updated!
Current C (ids):  [6780]
Current P_C (cardinality): 354.420655886
Numero foglie: 
5782
Numero nodi interni visitati in totale: 
0
Numero nodi interni visitati per livello: 
[0, 5782]
_________________
Final solution (ids):  [6780]
Final solution (genes' names):  ['PTEN']
Final solution score:  354.420655886
Final solution score(max version):  36.5793441139
Elapsed time:  00:00:09
_________________
