Samples size: 391
Number nodes: 9859
Inizio Ordinamento
contatori: [0, 137, 357, 637, 980, 1385, 1868, 2452, 3139, 4104]
Fine Ordinamento
Probabilistic con bound bound_order_improved_iterations_percentiles BDDE starts now:
_________________

Best solution updated!
Current C (ids):  [2622, 9661, 1622, 8436]
Current P_C (cardinality): 362.755726653
_________________

Best solution updated!
Current C (ids):  [2622, 9661, 1622, 4288]
Current P_C (cardinality): 361.806062956
_________________

Best solution updated!
Current C (ids):  [2622, 9489, 9661, 1622]
Current P_C (cardinality): 361.62827073
_________________

Best solution updated!
Current C (ids):  [2622, 9489, 6812, 9379]
Current P_C (cardinality): 361.302907936
_________________

Best solution updated!
Current C (ids):  [2622, 9489, 4643, 6828]
Current P_C (cardinality): 360.156555516
_________________

Best solution updated!
Current C (ids):  [2622, 9489, 4643, 6273]
Current P_C (cardinality): 344.223330725
_________________

Best solution updated!
Current C (ids):  [2622, 9485, 8821, 9661]
Current P_C (cardinality): 338.302031008
_________________

Best solution updated!
Current C (ids):  [2622, 9485, 8821, 9489]
Current P_C (cardinality): 335.832208296
_________________

Best solution updated!
Current C (ids):  [2622, 9485, 8821, 7792]
Current P_C (cardinality): 335.105752244
_________________

Best solution updated!
Current C (ids):  [2622, 9485, 8821, 7031]
Current P_C (cardinality): 334.573841891
_________________

Best solution updated!
Current C (ids):  [2622, 9485, 8821, 6780]
Current P_C (cardinality): 308.598539551
_________________

Best solution updated!
Current C (ids):  [2622, 9101, 6780, 8821]
Current P_C (cardinality): 308.536520601
_________________

Best solution updated!
Current C (ids):  [2622, 8236, 8821, 6780]
Current P_C (cardinality): 308.275337145
_________________

Best solution updated!
Current C (ids):  [2622, 6793, 6780, 8821]
Current P_C (cardinality): 307.65190743
1
2
3
4
5
6
7
8
9
Numero foglie: 
31404
Numero nodi interni visitati in totale: 
24254
Numero nodi interni visitati per livello: 
[0, 5782, 2814, 15658, 31404]
_________________
Final solution (ids):  [2622, 6793, 6780, 8821]
Final solution (genes' names):  ['EGFR', 'PTK2', 'PTEN', 'TP53']
Final solution score:  307.65190743
Final solution score(max version):  83.3480925701
Elapsed time:  00:00:15
_________________
