Samples size: 391
Probabilistic (without bound)  BDDE starts now:
_________________

Best solution updated!
Current C (ids):  [1]
Current P_C (cardinality): 389.645658263
_________________

Best solution updated!
Current C (ids):  [5]
Current P_C (cardinality): 387.931598226
_________________

Best solution updated!
Current C (ids):  [14]
Current P_C (cardinality): 386.09899201
_________________

Best solution updated!
Current C (ids):  [49]
Current P_C (cardinality): 386.018806824
_________________

Best solution updated!
Current C (ids):  [225]
Current P_C (cardinality): 383.670961513
_________________

Best solution updated!
Current C (ids):  [299]
Current P_C (cardinality): 382.757435331
_________________

Best solution updated!
Current C (ids):  [2622]
Current P_C (cardinality): 366.623443646
_________________

Best solution updated!
Current C (ids):  [6780]
Current P_C (cardinality): 354.420655886
Numero foglie: 
5782
Numero nodi interni visitati in totale: 
0
Numero nodi interni visitati per livello: 
[0, 5782]
_________________
Final solution (ids):  [6780]
Final solution (genes' names):  ['PTEN']
Final solution score:  354.420655886
Final solution score(max version):  36.5793441139
Elapsed time:  00:00:09
_________________
