Samples size: 391
Number nodes: 9859
_________________

Best solution updated!
Current C (ids):  [1, 6780, 8821, 1632, 2592]
Current score(min_version): 323.050672325
_________________

Best solution updated!
Current C (ids):  [8, 6780, 8821, 8632, 2592]
Current score(min_version): 322.310856624
_________________

Best solution updated!
Current C (ids):  [9, 6780, 8821, 9485, 2622]
Current score(min_version): 308.598539551
_________________

Best solution updated!
Current C (ids):  [14, 6780, 9101, 8821, 2622]
Current score(min_version): 306.145824495
_________________

Best solution updated!
Current C (ids):  [16, 6780, 9101, 8821, 2622]
Current score(min_version): 305.564359321
_________________

Best solution updated!
Current C (ids):  [1291, 6780, 9101, 8821, 2622]
Current score(min_version): 304.227591453
_________________

Best solution updated!
Current C (ids):  [2291, 8821, 6780, 6273, 6278]
Current score(min_version): 296.065303496
_________________

Best solution updated!
Current C (ids):  [5864, 8821, 6780, 2622, 6278]
Current score(min_version): 295.080873394
_________________

Best solution updated!
Current C (ids):  [6793, 6780, 8821, 2622, 6278]
Current score(min_version): 294.33474169
_________________
Final solution (ids):  [6793, 6780, 8821, 2622, 6278]
Final solution (genes' names):  ['PTK2', 'PTEN', 'TP53', 'EGFR', 'PIK3R1']
Final solution score:  294.33474169
Final solution score(max version):  96.6652583101
Elapsed time:  00:53:14
_________________
