Samples size: 391
Number nodes: 9859
Inizio Ordinamento
contatori: [0, 137, 357, 637, 980, 1385, 1868, 2452, 3139, 4104]
Fine Ordinamento
Probabilistic con bound bound_order_improved_iterations_percentiles BDDE starts now:
_________________

Best solution updated!
Current C (ids):  [2622, 9661]
Current P_C (cardinality): 366.623443646
_________________

Best solution updated!
Current C (ids):  [2622, 9489]
Current P_C (cardinality): 363.937744552
_________________

Best solution updated!
Current C (ids):  [2622, 9281]
Current P_C (cardinality): 362.873087708
_________________

Best solution updated!
Current C (ids):  [2622, 6638]
Current P_C (cardinality): 361.852397143
_________________

Best solution updated!
Current C (ids):  [2622, 6347]
Current P_C (cardinality): 360.061960735
_________________

Best solution updated!
Current C (ids):  [2622, 6278]
Current P_C (cardinality): 350.077882751
_________________

Best solution updated!
Current C (ids):  [6780, 8821]
Current P_C (cardinality): 328.170562682
1
2
3
4
5
6
7
8
9
Numero foglie: 
351
Numero nodi interni visitati in totale: 
5782
Numero nodi interni visitati per livello: 
[0, 5782, 351]
_________________
Final solution (ids):  [6780, 8821]
Final solution (genes' names):  ['PTEN', 'TP53']
Final solution score:  328.170562682
Final solution score(max version):  62.8294373178
Elapsed time:  00:00:13
_________________
