Samples size: 391
Number nodes: 9859
Probabilistic (without bound)  BDDE starts now:
_________________

Best solution updated!
Current C (ids):  [1, 8632]
Current P_C (cardinality): 389.64565826330534
_________________

Best solution updated!
Current C (ids):  [1, 1632]
Current P_C (cardinality): 388.8274764451235
_________________

Best solution updated!
Current C (ids):  [5, 9190]
Current P_C (cardinality): 387.1793459740828
_________________

Best solution updated!
Current C (ids):  [5, 9177]
Current P_C (cardinality): 386.65046363927524
_________________

Best solution updated!
Current C (ids):  [5, 8965]
Current P_C (cardinality): 383.9690159544682
_________________

Best solution updated!
Current C (ids):  [12, 7030]
Current P_C (cardinality): 376.90473879801925
_________________

Best solution updated!
Current C (ids):  [28, 6278]
Current P_C (cardinality): 371.95923840990656
_________________

Best solution updated!
Current C (ids):  [37, 8821]
Current P_C (cardinality): 358.1965463926717
_________________

Best solution updated!
Current C (ids):  [244, 6780]
Current P_C (cardinality): 352.5407984725554
_________________

Best solution updated!
Current C (ids):  [2622, 6278]
Current P_C (cardinality): 350.0778827514775
_________________

Best solution updated!
Current C (ids):  [6780, 8821]
Current P_C (cardinality): 328.17056268224655
Numero foglie: 
40705
Numero nodi interni visitati in totale: 
9859
Numero nodi interni visitati per livello: 
[0, 9859, 40705]
_________________
Final solution (ids):  [6780, 8821]
Final solution (genes' names):  ['PTEN', 'TP53']
Final solution score:  328.17056268224655
Final solution score(max version):  62.829437317753445
Elapsed time:  00:00:13
_________________
