Samples size: 391
Number nodes: 9859
_________________

Best solution updated!
Current C (ids):  [1, 1632, 6780, 8821, 9101, 2622, 6278, 3177]
Current score(min_version): 289.6876882834154
_________________

Best solution updated!
Current C (ids):  [7, 2658, 6780, 9101, 8821, 2622, 6278, 8105]
Current score(min_version): 289.0957753176114
_________________

Best solution updated!
Current C (ids):  [14, 6780, 9101, 8821, 2622, 6273, 457, 6278]
Current score(min_version): 275.9911467614846
_________________

Best solution updated!
Current C (ids):  [37, 8821, 2622, 6273, 6278, 6780, 9101, 7030]
Current score(min_version): 271.34044813546717
_________________

Best solution updated!
Current C (ids):  [583, 8821, 6780, 6273, 37, 6278, 2622, 7030]
Current score(min_version): 270.99509909551955
_________________

Best solution updated!
Current C (ids):  [808, 8821, 6278, 2622, 6273, 6780, 9101, 7030]
Current score(min_version): 270.8580001732994
_________________

Best solution updated!
Current C (ids):  [6793, 6780, 8821, 2622, 6273, 6278, 8105, 6347]
Current score(min_version): 269.5096632840571
_________________
Final solution (ids):  [6793, 6780, 8821, 2622, 6273, 6278, 8105, 6347]
Final solution (genes' names):  ['PTK2', 'PTEN', 'TP53', 'EGFR', 'PIK3CA', 'PIK3R1', 'SPEN', 'PLCG2']
Final solution score:  269.5096632840571
Final solution score(max version):  121.49033671594287
Elapsed time:  16:07:28
_________________
